<?xml version="1.0" encoding="UTF-8" ?>
<testsuites errors="0"
            failures="1"
            tests="9">

  <testsuite name="test"
    errors="0" failures="1" hostname="" id="" package="test" skipped="0"
    tests="9" time="15.73" timestamp="">
  
    <testcase name="Go to Youtube Home and click on left menu" classname="test" time="3.472" assertions="1">

    
    </testcase>
  
    <testcase name="Validate 3 elements are displayed and enabled on left menu" classname="test" time="0.2940" assertions="6">

    

    

    

    

    

    
    </testcase>
  
    <testcase name="Assert Acceder button (currently &#34;SIGN IN&#34;)" classname="test" time="0.07900" assertions="2">

    

    
    </testcase>
  
    <testcase name="Click on square Menu and print text of all elements" classname="test" time="2.152" assertions="2">

    

    
    </testcase>
  
    <testcase name="Make a search" classname="test" time="0.3960" assertions="0">
    </testcase>
  
    <testcase name="Verify first title" classname="test" time="0.8170" assertions="1">

    
    </testcase>
  
    <testcase name="Print views" classname="test" time="1.156" assertions="0">
    </testcase>
  
    <testcase name="Validate title Selenium" classname="test" time="5.318" assertions="1">  <failure message="Testing if element [0;33m&lt;Element [name=@videoTitle]&gt;[0m contains text [0;33m&#39;Automation with Selenium&#39;[0m in 5000ms - expected [0;32m&#34;contains text &#39;Automation with Selenium&#39;&#34;[0m but got: [0;31m&#34;does not contain &#39;Automation with Selenium&#39;&#34;[0m [0;90m(5290ms)[0m">    at Page.validateTitleSelenium (C:\Users\miriam.ramirez\Documents\- Training\Training SDET\Exercises\5. Nightwatch\NightWatchExercise3\page_objects\youtubeResultsPage.js:23:19)
    at Object.Validate title Selenium (C:\Users\miriam.ramirez\Documents\- Training\Training SDET\Exercises\5. Nightwatch\NightWatchExercise3\tests\test.js:52:10)</failure>

    <failure message="    at Page.validateTitleSelenium (C:\Users\miriam.ramirez\Documents\- Training\Training SDET\Exercises\5. Nightwatch\NightWatchExercise3\page_objects\youtubeResultsPage.js:23:19)">    at Object.Validate title Selenium (C:\Users\miriam.ramirez\Documents\- Training\Training SDET\Exercises\5. Nightwatch\NightWatchExercise3\tests\test.js:52:10)</failure>
    </testcase>
  
    <testcase name="End the test" classname="test" time="2.042" assertions="0">
    </testcase>
  

  

  
  </testsuite>
</testsuites>
